# JRE version: OpenJDK Runtime Environment JBR-21.0.5+8-631.30-jcef (21.0.5+8) (build 21.0.5+8-b631.30)
# Java VM: OpenJDK 64-Bit Server VM JBR-21.0.5+8-631.30-jcef (21.0.5+8-b631.30, mixed mode, sharing, tiered, compressed oops, compressed class ptrs, g1 gc, windows-amd64)
GC Precious Log:
 CardTable entry size: 512
 Card Set container configuration: InlinePtr #cards 5 size 8 Array Of Cards #cards 12 size 40 Howl #buckets 4 coarsen threshold 1843 Howl Bitmap #cards 512 size 80 coarsen threshold 460 Card regions per heap region 1 cards per card region 2048
 CPUs: 4 total, 4 available
 Memory: 7839M
 Large Page Support: Disabled
 NUMA Support: Disabled
 Compressed Oops: Enabled (32-bit)
 Heap Region Size: 1M
 Heap Min Capacity: 128M
 Heap Initial Capacity: 128M
 Heap Max Capacity: 2G
 Pre-touch: Disabled
 Parallel Workers: 4
 Concurrent Workers: 1
 Concurrent Refinement Workers: 4
 Periodic GC: Disabled
Heap:
 garbage-first heap   total 131072K, used 43678K [0x0000000080000000, 0x0000000100000000)
  region size 1024K, 36 young (36864K), 5 survivors (5120K)
 Metaspace       used 20450K, committed 20864K, reserved 1114112K
  class space    used 2299K, committed 2496K, reserved 1048576K
GC Heap History (7 events):
Event: 4.551 GC heap before
{Heap before GC invocations=0 (full 0):
 garbage-first heap   total 131072K, used 16384K [0x0000000080000000, 0x0000000100000000)
  region size 1024K, 13 young (13312K), 0 survivors (0K)
 Metaspace       used 4439K, committed 4672K, reserved 1114112K
  class space    used 530K, committed 640K, reserved 1048576K
}
Event: 4.561 GC heap after
{Heap after GC invocations=1 (full 0):
 garbage-first heap   total 131072K, used 8490K [0x0000000080000000, 0x0000000100000000)
  region size 1024K, 2 young (2048K), 2 survivors (2048K)
 Metaspace       used 4439K, committed 4672K, reserved 1114112K
  class space    used 530K, committed 640K, reserved 1048576K
}
Event: 5.578 GC heap before
{Heap before GC invocations=1 (full 0):
 garbage-first heap   total 131072K, used 20778K [0x0000000080000000, 0x0000000100000000)
  region size 1024K, 15 young (15360K), 2 survivors (2048K)
 Metaspace       used 10146K, committed 10560K, reserved 1114112K
  class space    used 1206K, committed 1408K, reserved 1048576K
}
Event: 5.584 GC heap after
{Heap after GC invocations=2 (full 0):
 garbage-first heap   total 131072K, used 10398K [0x0000000080000000, 0x0000000100000000)
  region size 1024K, 2 young (2048K), 2 survivors (2048K)
 Metaspace       used 10146K, committed 10560K, reserved 1114112K
  class space    used 1206K, committed 1408K, reserved 1048576K
}
Event: 153.538 GC heap before
{Heap before GC invocations=2 (full 0):
 garbage-first heap   total 131072K, used 41118K [0x0000000080000000, 0x0000000100000000)
  region size 1024K, 33 young (33792K), 2 survivors (2048K)
 Metaspace       used 20238K, committed 20736K, reserved 1114112K
  class space    used 2296K, committed 2496K, reserved 1048576K
}
Event: 153.550 GC heap after
{Heap after GC invocations=3 (full 0):
 garbage-first heap   total 131072K, used 12958K [0x0000000080000000, 0x0000000100000000)
  region size 1024K, 5 young (5120K), 5 survivors (5120K)
 Metaspace       used 20238K, committed 20736K, reserved 1114112K
  class space    used 2296K, committed 2496K, reserved 1048576K
}
Event: 3600.045 GC heap before
{Heap before GC invocations=3 (full 0):
 garbage-first heap   total 131072K, used 43678K [0x0000000080000000, 0x0000000100000000)
  region size 1024K, 36 young (36864K), 5 survivors (5120K)
 Metaspace       used 20450K, committed 20864K, reserved 1114112K
  class space    used 2299K, committed 2496K, reserved 1048576K
}

