# JRE version: Java(TM) SE Runtime Environment (17.0.12+8) (build 17.0.12+8-LTS-286)
# Java VM: Java HotSpot(TM) 64-Bit Server VM (17.0.12+8-LTS-286, mixed mode, emulated-client, sharing, tiered, compressed oops, compressed class ptrs, g1 gc, windows-amd64)
GC Precious Log:
 CPUs: 4 total, 4 available
 Memory: 7839M
 Large Page Support: Disabled
 NUMA Support: Disabled
 Compressed Oops: Enabled (32-bit)
 Heap Region Size: 1M
 Heap Min Capacity: 8M
 Heap Initial Capacity: 124M
 Heap Max Capacity: 1960M
 Pre-touch: Disabled
 Parallel Workers: 4
 Concurrent Workers: 1
 Concurrent Refinement Workers: 4
 Periodic GC: Disabled
Heap:
 garbage-first heap   total 68608K, used 36632K [0x0000000085800000, 0x0000000100000000)
  region size 1024K, 9 young (9216K), 3 survivors (3072K)
 Metaspace       used 49159K, committed 49664K, reserved 1114112K
  class space    used 6844K, committed 7104K, reserved 1048576K
GC Heap History (20 events):
Event: 5.392 GC heap before
{Heap before GC invocations=3 (full 0):
 garbage-first heap   total 126976K, used 84717K [0x0000000085800000, 0x0000000100000000)
  region size 1024K, 74 young (75776K), 2 survivors (2048K)
 Metaspace       used 20639K, committed 21056K, reserved 1114112K
  class space    used 2810K, committed 3008K, reserved 1048576K
}
Event: 5.403 GC heap after
{Heap after GC invocations=4 (full 0):
 garbage-first heap   total 126976K, used 17588K [0x0000000085800000, 0x0000000100000000)
  region size 1024K, 7 young (7168K), 7 survivors (7168K)
 Metaspace       used 20639K, committed 21056K, reserved 1114112K
  class space    used 2810K, committed 3008K, reserved 1048576K
}
Event: 5.744 GC heap before
{Heap before GC invocations=4 (full 0):
 garbage-first heap   total 126976K, used 27828K [0x0000000085800000, 0x0000000100000000)
  region size 1024K, 18 young (18432K), 7 survivors (7168K)
 Metaspace       used 21147K, committed 21504K, reserved 1114112K
  class space    used 2878K, committed 3072K, reserved 1048576K
}
Event: 5.758 GC heap after
{Heap after GC invocations=5 (full 0):
 garbage-first heap   total 126976K, used 18693K [0x0000000085800000, 0x0000000100000000)
  region size 1024K, 2 young (2048K), 2 survivors (2048K)
 Metaspace       used 21147K, committed 21504K, reserved 1114112K
  class space    used 2878K, committed 3072K, reserved 1048576K
}
Event: 7.059 GC heap before
{Heap before GC invocations=6 (full 0):
 garbage-first heap   total 68608K, used 57605K [0x0000000085800000, 0x0000000100000000)
  region size 1024K, 40 young (40960K), 2 survivors (2048K)
 Metaspace       used 24741K, committed 25152K, reserved 1114112K
  class space    used 3393K, committed 3584K, reserved 1048576K
}
Event: 7.064 GC heap after
{Heap after GC invocations=7 (full 0):
 garbage-first heap   total 68608K, used 20427K [0x0000000085800000, 0x0000000100000000)
  region size 1024K, 3 young (3072K), 3 survivors (3072K)
 Metaspace       used 24741K, committed 25152K, reserved 1114112K
  class space    used 3393K, committed 3584K, reserved 1048576K
}
Event: 7.104 GC heap before
{Heap before GC invocations=7 (full 0):
 garbage-first heap   total 68608K, used 21451K [0x0000000085800000, 0x0000000100000000)
  region size 1024K, 4 young (4096K), 3 survivors (3072K)
 Metaspace       used 24813K, committed 25216K, reserved 1114112K
  class space    used 3408K, committed 3584K, reserved 1048576K
}
Event: 7.116 GC heap after
{Heap after GC invocations=8 (full 0):
 garbage-first heap   total 68608K, used 20682K [0x0000000085800000, 0x0000000100000000)
  region size 1024K, 1 young (1024K), 1 survivors (1024K)
 Metaspace       used 24813K, committed 25216K, reserved 1114112K
  class space    used 3408K, committed 3584K, reserved 1048576K
}
Event: 8.299 GC heap before
{Heap before GC invocations=8 (full 0):
 garbage-first heap   total 68608K, used 50378K [0x0000000085800000, 0x0000000100000000)
  region size 1024K, 30 young (30720K), 1 survivors (1024K)
 Metaspace       used 28972K, committed 29504K, reserved 1114112K
  class space    used 4045K, committed 4288K, reserved 1048576K
}
Event: 8.307 GC heap after
{Heap after GC invocations=9 (full 0):
 garbage-first heap   total 68608K, used 23043K [0x0000000085800000, 0x0000000100000000)
  region size 1024K, 3 young (3072K), 3 survivors (3072K)
 Metaspace       used 28972K, committed 29504K, reserved 1114112K
  class space    used 4045K, committed 4288K, reserved 1048576K
}
Event: 8.942 GC heap before
{Heap before GC invocations=9 (full 0):
 garbage-first heap   total 68608K, used 55811K [0x0000000085800000, 0x0000000100000000)
  region size 1024K, 31 young (31744K), 3 survivors (3072K)
 Metaspace       used 30633K, committed 31104K, reserved 1114112K
  class space    used 4217K, committed 4480K, reserved 1048576K
}
Event: 8.953 GC heap after
{Heap after GC invocations=10 (full 0):
 garbage-first heap   total 68608K, used 27096K [0x0000000085800000, 0x0000000100000000)
  region size 1024K, 4 young (4096K), 4 survivors (4096K)
 Metaspace       used 30633K, committed 31104K, reserved 1114112K
  class space    used 4217K, committed 4480K, reserved 1048576K
}
Event: 9.989 GC heap before
{Heap before GC invocations=10 (full 0):
 garbage-first heap   total 68608K, used 51672K [0x0000000085800000, 0x0000000100000000)
  region size 1024K, 27 young (27648K), 4 survivors (4096K)
 Metaspace       used 33918K, committed 34432K, reserved 1114112K
  class space    used 4611K, committed 4864K, reserved 1048576K
}
Event: 9.998 GC heap after
{Heap after GC invocations=11 (full 0):
 garbage-first heap   total 68608K, used 28826K [0x0000000085800000, 0x0000000100000000)
  region size 1024K, 2 young (2048K), 2 survivors (2048K)
 Metaspace       used 33918K, committed 34432K, reserved 1114112K
  class space    used 4611K, committed 4864K, reserved 1048576K
}
Event: 10.477 GC heap before
{Heap before GC invocations=11 (full 0):
 garbage-first heap   total 68608K, used 37018K [0x0000000085800000, 0x0000000100000000)
  region size 1024K, 11 young (11264K), 2 survivors (2048K)
 Metaspace       used 35621K, committed 36096K, reserved 1114112K
  class space    used 4865K, committed 5120K, reserved 1048576K
}
Event: 10.483 GC heap after
{Heap after GC invocations=12 (full 0):
 garbage-first heap   total 68608K, used 29017K [0x0000000085800000, 0x0000000100000000)
  region size 1024K, 2 young (2048K), 2 survivors (2048K)
 Metaspace       used 35621K, committed 36096K, reserved 1114112K
  class space    used 4865K, committed 5120K, reserved 1048576K
}
Event: 11.719 GC heap before
{Heap before GC invocations=13 (full 0):
 garbage-first heap   total 68608K, used 52569K [0x0000000085800000, 0x0000000100000000)
  region size 1024K, 26 young (26624K), 2 survivors (2048K)
 Metaspace       used 41637K, committed 42176K, reserved 1114112K
  class space    used 5728K, committed 5952K, reserved 1048576K
}
Event: 11.726 GC heap after
{Heap after GC invocations=14 (full 0):
 garbage-first heap   total 68608K, used 29889K [0x0000000085800000, 0x0000000100000000)
  region size 1024K, 3 young (3072K), 3 survivors (3072K)
 Metaspace       used 41637K, committed 42176K, reserved 1114112K
  class space    used 5728K, committed 5952K, reserved 1048576K
}
Event: 13.449 GC heap before
{Heap before GC invocations=15 (full 0):
 garbage-first heap   total 68608K, used 53441K [0x0000000085800000, 0x0000000100000000)
  region size 1024K, 27 young (27648K), 3 survivors (3072K)
 Metaspace       used 48369K, committed 48896K, reserved 1114112K
  class space    used 6673K, committed 6912K, reserved 1048576K
}
Event: 13.458 GC heap after
{Heap after GC invocations=16 (full 0):
 garbage-first heap   total 68608K, used 31512K [0x0000000085800000, 0x0000000100000000)
  region size 1024K, 3 young (3072K), 3 survivors (3072K)
 Metaspace       used 48369K, committed 48896K, reserved 1114112K
  class space    used 6673K, committed 6912K, reserved 1048576K
}

