# JRE version: Java(TM) SE Runtime Environment (17.0.12+8) (build 17.0.12+8-LTS-286)
# Java VM: Java HotSpot(TM) 64-Bit Server VM (17.0.12+8-LTS-286, mixed mode, emulated-client, sharing, tiered, compressed oops, compressed class ptrs, g1 gc, windows-amd64)
GC Precious Log:
 CPUs: 4 total, 4 available
 Memory: 7839M
 Large Page Support: Disabled
 NUMA Support: Disabled
 Compressed Oops: Enabled (32-bit)
 Heap Region Size: 1M
 Heap Min Capacity: 8M
 Heap Initial Capacity: 124M
 Heap Max Capacity: 1960M
 Pre-touch: Disabled
 Parallel Workers: 4
 Concurrent Workers: 1
 Concurrent Refinement Workers: 4
 Periodic GC: Disabled
Heap:
 garbage-first heap   total 68608K, used 43497K [0x0000000085800000, 0x0000000100000000)
  region size 1024K, 18 young (18432K), 1 survivors (1024K)
 Metaspace       used 46893K, committed 47360K, reserved 1114112K
  class space    used 6487K, committed 6720K, reserved 1048576K
GC Heap History (20 events):
Event: 13.995 GC heap before
{Heap before GC invocations=3 (full 0):
 garbage-first heap   total 126976K, used 83320K [0x0000000085800000, 0x0000000100000000)
  region size 1024K, 73 young (74752K), 2 survivors (2048K)
 Metaspace       used 20660K, committed 21120K, reserved 1114112K
  class space    used 2782K, committed 3008K, reserved 1048576K
}
Event: 14.008 GC heap after
{Heap after GC invocations=4 (full 0):
 garbage-first heap   total 126976K, used 17104K [0x0000000085800000, 0x0000000100000000)
  region size 1024K, 7 young (7168K), 7 survivors (7168K)
 Metaspace       used 20660K, committed 21120K, reserved 1114112K
  class space    used 2782K, committed 3008K, reserved 1048576K
}
Event: 15.045 GC heap before
{Heap before GC invocations=4 (full 0):
 garbage-first heap   total 126976K, used 27344K [0x0000000085800000, 0x0000000100000000)
  region size 1024K, 18 young (18432K), 7 survivors (7168K)
 Metaspace       used 21136K, committed 21504K, reserved 1114112K
  class space    used 2867K, committed 3072K, reserved 1048576K
}
Event: 15.056 GC heap after
{Heap after GC invocations=5 (full 0):
 garbage-first heap   total 126976K, used 17730K [0x0000000085800000, 0x0000000100000000)
  region size 1024K, 2 young (2048K), 2 survivors (2048K)
 Metaspace       used 21136K, committed 21504K, reserved 1114112K
  class space    used 2867K, committed 3072K, reserved 1048576K
}
Event: 18.574 GC heap before
{Heap before GC invocations=6 (full 0):
 garbage-first heap   total 68608K, used 56642K [0x0000000085800000, 0x0000000100000000)
  region size 1024K, 40 young (40960K), 2 survivors (2048K)
 Metaspace       used 26110K, committed 26560K, reserved 1114112K
  class space    used 3643K, committed 3840K, reserved 1048576K
}
Event: 18.580 GC heap after
{Heap after GC invocations=7 (full 0):
 garbage-first heap   total 68608K, used 19963K [0x0000000085800000, 0x0000000100000000)
  region size 1024K, 4 young (4096K), 4 survivors (4096K)
 Metaspace       used 26110K, committed 26560K, reserved 1114112K
  class space    used 3643K, committed 3840K, reserved 1048576K
}
Event: 18.659 GC heap before
{Heap before GC invocations=7 (full 0):
 garbage-first heap   total 68608K, used 20987K [0x0000000085800000, 0x0000000100000000)
  region size 1024K, 5 young (5120K), 4 survivors (4096K)
 Metaspace       used 26261K, committed 26688K, reserved 1114112K
  class space    used 3667K, committed 3840K, reserved 1048576K
}
Event: 18.665 GC heap after
{Heap after GC invocations=8 (full 0):
 garbage-first heap   total 68608K, used 20469K [0x0000000085800000, 0x0000000100000000)
  region size 1024K, 1 young (1024K), 1 survivors (1024K)
 Metaspace       used 26261K, committed 26688K, reserved 1114112K
  class space    used 3667K, committed 3840K, reserved 1048576K
}
Event: 19.810 GC heap before
{Heap before GC invocations=8 (full 0):
 garbage-first heap   total 68608K, used 53237K [0x0000000085800000, 0x0000000100000000)
  region size 1024K, 29 young (29696K), 1 survivors (1024K)
 Metaspace       used 29267K, committed 29760K, reserved 1114112K
  class space    used 4047K, committed 4288K, reserved 1048576K
}
Event: 19.817 GC heap after
{Heap after GC invocations=9 (full 0):
 garbage-first heap   total 68608K, used 28202K [0x0000000085800000, 0x0000000100000000)
  region size 1024K, 4 young (4096K), 4 survivors (4096K)
 Metaspace       used 29267K, committed 29760K, reserved 1114112K
  class space    used 4047K, committed 4288K, reserved 1048576K
}
Event: 21.690 GC heap before
{Heap before GC invocations=9 (full 0):
 garbage-first heap   total 68608K, used 50730K [0x0000000085800000, 0x0000000100000000)
  region size 1024K, 25 young (25600K), 4 survivors (4096K)
 Metaspace       used 30343K, committed 30848K, reserved 1114112K
  class space    used 4188K, committed 4416K, reserved 1048576K
}
Event: 21.696 GC heap after
{Heap after GC invocations=10 (full 0):
 garbage-first heap   total 68608K, used 26198K [0x0000000085800000, 0x0000000100000000)
  region size 1024K, 2 young (2048K), 2 survivors (2048K)
 Metaspace       used 30343K, committed 30848K, reserved 1114112K
  class space    used 4188K, committed 4416K, reserved 1048576K
}
Event: 24.522 GC heap before
{Heap before GC invocations=10 (full 0):
 garbage-first heap   total 68608K, used 49750K [0x0000000085800000, 0x0000000100000000)
  region size 1024K, 26 young (26624K), 2 survivors (2048K)
 Metaspace       used 35056K, committed 35648K, reserved 1114112K
  class space    used 4838K, committed 5120K, reserved 1048576K
}
Event: 24.527 GC heap after
{Heap after GC invocations=11 (full 0):
 garbage-first heap   total 68608K, used 27202K [0x0000000085800000, 0x0000000100000000)
  region size 1024K, 3 young (3072K), 3 survivors (3072K)
 Metaspace       used 35056K, committed 35648K, reserved 1114112K
  class space    used 4838K, committed 5120K, reserved 1048576K
}
Event: 24.657 GC heap before
{Heap before GC invocations=11 (full 0):
 garbage-first heap   total 68608K, used 28226K [0x0000000085800000, 0x0000000100000000)
  region size 1024K, 6 young (6144K), 3 survivors (3072K)
 Metaspace       used 35461K, committed 35968K, reserved 1114112K
  class space    used 4904K, committed 5184K, reserved 1048576K
}
Event: 24.661 GC heap after
{Heap after GC invocations=12 (full 0):
 garbage-first heap   total 68608K, used 27358K [0x0000000085800000, 0x0000000100000000)
  region size 1024K, 2 young (2048K), 2 survivors (2048K)
 Metaspace       used 35461K, committed 35968K, reserved 1114112K
  class space    used 4904K, committed 5184K, reserved 1048576K
}
Event: 28.209 GC heap before
{Heap before GC invocations=13 (full 0):
 garbage-first heap   total 68608K, used 50910K [0x0000000085800000, 0x0000000100000000)
  region size 1024K, 26 young (26624K), 2 survivors (2048K)
 Metaspace       used 41990K, committed 42560K, reserved 1114112K
  class space    used 5818K, committed 6080K, reserved 1048576K
}
Event: 28.213 GC heap after
{Heap after GC invocations=14 (full 0):
 garbage-first heap   total 68608K, used 28374K [0x0000000085800000, 0x0000000100000000)
  region size 1024K, 3 young (3072K), 3 survivors (3072K)
 Metaspace       used 41990K, committed 42560K, reserved 1114112K
  class space    used 5818K, committed 6080K, reserved 1048576K
}
Event: 28.693 GC heap before
{Heap before GC invocations=14 (full 0):
 garbage-first heap   total 68608K, used 29398K [0x0000000085800000, 0x0000000100000000)
  region size 1024K, 4 young (4096K), 3 survivors (3072K)
 Metaspace       used 42326K, committed 42880K, reserved 1114112K
  class space    used 5859K, committed 6144K, reserved 1048576K
}
Event: 28.698 GC heap after
{Heap after GC invocations=15 (full 0):
 garbage-first heap   total 68608K, used 28137K [0x0000000085800000, 0x0000000100000000)
  region size 1024K, 1 young (1024K), 1 survivors (1024K)
 Metaspace       used 42326K, committed 42880K, reserved 1114112K
  class space    used 5859K, committed 6144K, reserved 1048576K
}

